生成启动时间为 2017-9-7 10:03:57。
     1>项目“C:\Documents and Settings\Administrator\My Documents\Project\DeviceController\MainApp\MainApp\MainApp.vcxproj”在节点 2 上(build 个目标)。
     1>InitializeBuildStatus:
         正在创建“Debug\MainApp.unsuccessfulbuild”，因为已指定“AlwaysCreate”。
       ClCompile:
         c:\Program Files\Microsoft Visual Studio 10.0\VC\bin\CL.exe /c /I"C:\Documents and Settings\Administrator\My Documents\Project\DeviceController\DeviceController\DeviceController" /ZI /nologo /W3 /WX- /Od /Oy- /D WIN32 /D _DEBUG /D _CONSOLE /D _UNICODE /D UNICODE /Gm /EHsc /RTC1 /MDd /GS /fp:precise /Zc:wchar_t /Zc:forScope /Fo"Debug\\" /Fd"Debug\vc100.pdb" /Gd /TP /analyze- /errorReport:prompt main.cpp
         main.cpp
     1>c:\documents and settings\administrator\my documents\project\devicecontroller\devicecontroller\devicecontroller\atccs.h(143): warning C4251: “ATCCS::ATCCSUdpSocket::_targetIP”: class“std::basic_string<_Elem,_Traits,_Ax>”需要有 dll 接口由 class“ATCCS::ATCCSUdpSocket”的客户端使用
                 with
                 [
                     _Elem=char,
                     _Traits=std::char_traits<char>,
                     _Ax=std::allocator<char>
                 ]
     1>c:\documents and settings\administrator\my documents\project\devicecontroller\devicecontroller\devicecontroller\atccs.h(146): warning C4251: “ATCCS::ATCCSUdpSocket::_hostIP”: class“std::basic_string<_Elem,_Traits,_Ax>”需要有 dll 接口由 class“ATCCS::ATCCSUdpSocket”的客户端使用
                 with
                 [
                     _Elem=char,
                     _Traits=std::char_traits<char>,
                     _Ax=std::allocator<char>
                 ]
     1>c:\documents and settings\administrator\my documents\project\devicecontroller\devicecontroller\devicecontroller\atccs.h(278): warning C4251: “ATCCS::ATCCSQueue<T>::_dataQueue”: class“std::queue<_Ty>”需要有 dll 接口由 class“ATCCS::ATCCSQueue<T>”的客户端使用
                 with
                 [
                     T=std::tr1::shared_ptr<ATCCS::ATCCSData>
                 ]
                 and
                 [
                     _Ty=std::tr1::shared_ptr<ATCCS::ATCCSData>
                 ]
                 and
                 [
                     T=std::tr1::shared_ptr<ATCCS::ATCCSData>
                 ]
     1>c:\documents and settings\administrator\my documents\project\devicecontroller\devicecontroller\devicecontroller\atccs.h(344): warning C4251: “ATCCS::ATCCSDataHandler::_controllers”: class“std::map<_Kty,_Ty>”需要有 dll 接口由 class“ATCCS::ATCCSDataHandler”的客户端使用
                 with
                 [
                     _Kty=unsigned int,
                     _Ty=ATCCS::ATCCSDeviceController *
                 ]
     1>c:\documents and settings\administrator\my documents\project\devicecontroller\devicecontroller\devicecontroller\atccs.h(537): warning C4251: “ATCCS::ATCCSSetting::_hostAddress”: class“std::basic_string<_Elem,_Traits,_Ax>”需要有 dll 接口由 class“ATCCS::ATCCSSetting”的客户端使用
                 with
                 [
                     _Elem=char,
                     _Traits=std::char_traits<char>,
                     _Ax=std::allocator<char>
                 ]
     1>c:\documents and settings\administrator\my documents\project\devicecontroller\devicecontroller\devicecontroller\atccs.h(539): warning C4251: “ATCCS::ATCCSSetting::_remoteAddress”: class“std::basic_string<_Elem,_Traits,_Ax>”需要有 dll 接口由 class“ATCCS::ATCCSSetting”的客户端使用
                 with
                 [
                     _Elem=char,
                     _Traits=std::char_traits<char>,
                     _Ax=std::allocator<char>
                 ]
       ManifestResourceCompile:
         所有输出均为最新。
       Link:
         c:\Program Files\Microsoft Visual Studio 10.0\VC\bin\link.exe /ERRORREPORT:PROMPT /OUT:"C:\Documents and Settings\Administrator\My Documents\Project\DeviceController\MainApp\Debug\MainApp.exe" /INCREMENTAL /NOLOGO /LIBPATH:"C:\Documents and Settings\Administrator\My Documents\Project\DeviceController\MainApp\Debug" DeviceController.lib kernel32.lib user32.lib gdi32.lib winspool.lib comdlg32.lib advapi32.lib shell32.lib ole32.lib oleaut32.lib uuid.lib odbc32.lib odbccp32.lib /MANIFEST /ManifestFile:"Debug\MainApp.exe.intermediate.manifest" /MANIFESTUAC:"level='asInvoker' uiAccess='false'" /DEBUG /PDB:"C:\Documents and Settings\Administrator\My Documents\Project\DeviceController\MainApp\Debug\MainApp.pdb" /SUBSYSTEM:CONSOLE /TLBID:1 /DYNAMICBASE /NXCOMPAT /IMPLIB:"C:\Documents and Settings\Administrator\My Documents\Project\DeviceController\MainApp\Debug\MainApp.lib" /MACHINE:X86 Debug\MainApp.exe.embed.manifest.res
         Debug\main.obj
       Manifest:
         c:\Program Files\Microsoft SDKs\Windows\v7.0A\bin\mt.exe /nologo /verbose /out:"Debug\MainApp.exe.embed.manifest" /manifest Debug\MainApp.exe.intermediate.manifest
         所有输出均为最新。
       LinkEmbedManifest:
         所有输出均为最新。
         MainApp.vcxproj -> C:\Documents and Settings\Administrator\My Documents\Project\DeviceController\MainApp\Debug\MainApp.exe
       FinalizeBuildStatus:
         正在删除文件“Debug\MainApp.unsuccessfulbuild”。
         正在对“Debug\MainApp.lastbuildstate”执行 Touch 任务。
     1>已完成生成项目“C:\Documents and Settings\Administrator\My Documents\Project\DeviceController\MainApp\MainApp\MainApp.vcxproj”(build 个目标)的操作。

生成成功。

已用时间 00:00:03.59
