C:\DOCUMENTS AND SETTINGS\ADMINISTRATOR\MY DOCUMENTS\ATDEVICECONTROLLER\DEVICECONTROLLER\DEBUG\DEVICECONTROLLER.EXE
C:\Documents and Settings\Administrator\My Documents\ATDeviceController\DeviceController\Debug\DeviceController.exp
C:\DOCUMENTS AND SETTINGS\ADMINISTRATOR\MY DOCUMENTS\ATDEVICECONTROLLER\DEVICECONTROLLER\DEBUG\DEVICECONTROLLER.ILK
C:\Documents and Settings\Administrator\My Documents\ATDeviceController\DeviceController\Debug\DeviceController.lib
C:\DOCUMENTS AND SETTINGS\ADMINISTRATOR\MY DOCUMENTS\ATDEVICECONTROLLER\DEVICECONTROLLER\DEBUG\DEVICECONTROLLER.PDB
C:\DOCUMENTS AND SETTINGS\ADMINISTRATOR\MY DOCUMENTS\ATDEVICECONTROLLER\DEVICECONTROLLER\DEVICECONTROLLER\DEBUG\ATCCS.OBJ
C:\Documents and Settings\Administrator\My Documents\ATDeviceController\DeviceController\DeviceController\Debug\cl.command.1.tlog
C:\Documents and Settings\Administrator\My Documents\ATDeviceController\DeviceController\DeviceController\Debug\CL.read.1.tlog
C:\Documents and Settings\Administrator\My Documents\ATDeviceController\DeviceController\DeviceController\Debug\CL.write.1.tlog
C:\DOCUMENTS AND SETTINGS\ADMINISTRATOR\MY DOCUMENTS\ATDEVICECONTROLLER\DEVICECONTROLLER\DEVICECONTROLLER\DEBUG\DEVICECONTROLLER.EXE.EMBED.MANIFEST
C:\DOCUMENTS AND SETTINGS\ADMINISTRATOR\MY DOCUMENTS\ATDEVICECONTROLLER\DEVICECONTROLLER\DEVICECONTROLLER\DEBUG\DEVICECONTROLLER.EXE.EMBED.MANIFEST.RES
C:\DOCUMENTS AND SETTINGS\ADMINISTRATOR\MY DOCUMENTS\ATDEVICECONTROLLER\DEVICECONTROLLER\DEVICECONTROLLER\DEBUG\DEVICECONTROLLER.EXE.INTERMEDIATE.MANIFEST
C:\Documents and Settings\Administrator\My Documents\ATDeviceController\DeviceController\DeviceController\Debug\DeviceController.write.1.tlog
C:\Documents and Settings\Administrator\My Documents\ATDeviceController\DeviceController\DeviceController\Debug\DeviceController_manifest.rc
C:\Documents and Settings\Administrator\My Documents\ATDeviceController\DeviceController\DeviceController\Debug\link.2416.read.1.tlog
C:\Documents and Settings\Administrator\My Documents\ATDeviceController\DeviceController\DeviceController\Debug\link.2416.write.1.tlog
C:\Documents and Settings\Administrator\My Documents\ATDeviceController\DeviceController\DeviceController\Debug\link.2416-cvtres.read.1.tlog
C:\Documents and Settings\Administrator\My Documents\ATDeviceController\DeviceController\DeviceController\Debug\link.2416-cvtres.write.1.tlog
C:\Documents and Settings\Administrator\My Documents\ATDeviceController\DeviceController\DeviceController\Debug\link.command.1.tlog
C:\Documents and Settings\Administrator\My Documents\ATDeviceController\DeviceController\DeviceController\Debug\link.read.1.tlog
C:\Documents and Settings\Administrator\My Documents\ATDeviceController\DeviceController\DeviceController\Debug\link.write.1.tlog
C:\Documents and Settings\Administrator\My Documents\ATDeviceController\DeviceController\DeviceController\Debug\link-cvtres.read.1.tlog
C:\Documents and Settings\Administrator\My Documents\ATDeviceController\DeviceController\DeviceController\Debug\link-cvtres.write.1.tlog
C:\DOCUMENTS AND SETTINGS\ADMINISTRATOR\MY DOCUMENTS\ATDEVICECONTROLLER\DEVICECONTROLLER\DEVICECONTROLLER\DEBUG\MAIN.OBJ
C:\Documents and Settings\Administrator\My Documents\ATDeviceController\DeviceController\DeviceController\Debug\mt.command.1.tlog
C:\Documents and Settings\Administrator\My Documents\ATDeviceController\DeviceController\DeviceController\Debug\mt.read.1.tlog
C:\Documents and Settings\Administrator\My Documents\ATDeviceController\DeviceController\DeviceController\Debug\mt.write.1.tlog
C:\Documents and Settings\Administrator\My Documents\ATDeviceController\DeviceController\DeviceController\Debug\rc.command.1.tlog
C:\Documents and Settings\Administrator\My Documents\ATDeviceController\DeviceController\DeviceController\Debug\rc.read.1.tlog
C:\Documents and Settings\Administrator\My Documents\ATDeviceController\DeviceController\DeviceController\Debug\rc.write.1.tlog
C:\Documents and Settings\Administrator\My Documents\ATDeviceController\DeviceController\DeviceController\Debug\vc100.idb
C:\DOCUMENTS AND SETTINGS\ADMINISTRATOR\MY DOCUMENTS\ATDEVICECONTROLLER\DEVICECONTROLLER\DEVICECONTROLLER\DEBUG\VC100.PDB
