生成启动时间为 2017-6-27 11:12:05。
     1>项目“C:\Documents and Settings\Administrator\My Documents\ATDeviceController\DeviceController\DeviceController\DeviceController.vcxproj”在节点 2 上(build 个目标)。
     1>InitializeBuildStatus:
         正在创建“Debug\DeviceController.unsuccessfulbuild”，因为已指定“AlwaysCreate”。
       ClCompile:
         c:\Program Files\Microsoft Visual Studio 10.0\VC\bin\CL.exe /c /ZI /nologo /W3 /WX- /Od /Oy- /D WIN32 /D _DEBUG /D _CONSOLE /D _UNICODE /D UNICODE /Gm /EHsc /RTC1 /MDd /GS /fp:precise /Zc:wchar_t /Zc:forScope /Fo"Debug\\" /Fd"Debug\vc100.pdb" /Gd /TP /analyze- /errorReport:prompt main.cpp
         main.cpp
       ManifestResourceCompile:
         所有输出均为最新。
       Link:
         c:\Program Files\Microsoft Visual Studio 10.0\VC\bin\link.exe /ERRORREPORT:PROMPT /OUT:"C:\Documents and Settings\Administrator\My Documents\ATDeviceController\DeviceController\Debug\DeviceController.exe" /INCREMENTAL /NOLOGO kernel32.lib user32.lib gdi32.lib winspool.lib comdlg32.lib advapi32.lib shell32.lib ole32.lib oleaut32.lib uuid.lib odbc32.lib odbccp32.lib /MANIFEST /ManifestFile:"Debug\DeviceController.exe.intermediate.manifest" /MANIFESTUAC:"level='asInvoker' uiAccess='false'" /DEBUG /PDB:"C:\Documents and Settings\Administrator\My Documents\ATDeviceController\DeviceController\Debug\DeviceController.pdb" /SUBSYSTEM:CONSOLE /TLBID:1 /DYNAMICBASE /NXCOMPAT /IMPLIB:"C:\Documents and Settings\Administrator\My Documents\ATDeviceController\DeviceController\Debug\DeviceController.lib" /MACHINE:X86 Debug\DeviceController.exe.embed.manifest.res
         Debug\atccs.obj
         Debug\main.obj
       Manifest:
         c:\Program Files\Microsoft SDKs\Windows\v7.0A\bin\mt.exe /nologo /verbose /out:"Debug\DeviceController.exe.embed.manifest" /manifest Debug\DeviceController.exe.intermediate.manifest
         所有输出均为最新。
       LinkEmbedManifest:
         所有输出均为最新。
         DeviceController.vcxproj -> C:\Documents and Settings\Administrator\My Documents\ATDeviceController\DeviceController\Debug\DeviceController.exe
       FinalizeBuildStatus:
         正在删除文件“Debug\DeviceController.unsuccessfulbuild”。
         正在对“Debug\DeviceController.lastbuildstate”执行 Touch 任务。
     1>已完成生成项目“C:\Documents and Settings\Administrator\My Documents\ATDeviceController\DeviceController\DeviceController\DeviceController.vcxproj”(build 个目标)的操作。

生成成功。

已用时间 00:00:02.78
